face-detection/build/intermediates/manifest_merge_blame_file/release/manifest-merger-blame-release-report.txt
1<?xml version="1.0" encoding="utf-8"?>
2<manifest xmlns:android="http://schemas.android.com/apk/res/android"
3    package="org.opencv.samples.facedetect"
4    android:versionCode="1"
5    android:versionName="1.0.0" >
6
7    <uses-sdk
8        android:minSdkVersion="21"
8-->baseketBall\face-detection\AndroidManifest.xml
9        android:targetSdkVersion="29" />
9-->baseketBall\face-detection\AndroidManifest.xml
10
11    <supports-screens
11-->baseketBall\face-detection\AndroidManifest.xml:5:5-10:39
12        android:anyDensity="true"
12-->baseketBall\face-detection\AndroidManifest.xml:6:9-34
13        android:largeScreens="true"
13-->baseketBall\face-detection\AndroidManifest.xml:7:9-36
14        android:normalScreens="true"
14-->baseketBall\face-detection\AndroidManifest.xml:8:9-37
15        android:resizeable="true"
15-->baseketBall\face-detection\AndroidManifest.xml:9:9-34
16        android:smallScreens="true" />
16-->baseketBall\face-detection\AndroidManifest.xml:10:9-36
17
18    <uses-permission android:name="android.permission.WRITE_EXTERNAL_STORAGE" />
18-->baseketBall\face-detection\AndroidManifest.xml:12:5-81
18-->baseketBall\face-detection\AndroidManifest.xml:12:22-78
19    <uses-permission android:name="android.permission.READ_EXTERNAL_STORAGE" />
19-->baseketBall\face-detection\AndroidManifest.xml:13:5-80
19-->baseketBall\face-detection\AndroidManifest.xml:13:22-77
20    <uses-permission android:name="android.permission.CAMERA" />
20-->baseketBall\face-detection\AndroidManifest.xml:14:5-65
20-->baseketBall\face-detection\AndroidManifest.xml:14:22-62
21    <uses-permission android:name="android.permission.RECORD_AUDIO" />
21-->baseketBall\face-detection\AndroidManifest.xml:15:5-71
21-->baseketBall\face-detection\AndroidManifest.xml:15:22-68
22    <uses-permission android:name="android.permission.INTERNET" /> <!-- 振动 -->
22-->baseketBall\face-detection\AndroidManifest.xml:16:5-67
22-->baseketBall\face-detection\AndroidManifest.xml:16:22-64
23    <uses-permission android:name="android.permission.VIBRATE" />
23-->baseketBall\face-detection\AndroidManifest.xml:17:5-66
23-->baseketBall\face-detection\AndroidManifest.xml:17:22-63
24
25    <uses-feature
25-->baseketBall\face-detection\AndroidManifest.xml:19:5-21:36
26        android:name="android.hardware.camera"
26-->baseketBall\face-detection\AndroidManifest.xml:20:9-47
27        android:required="false" />
27-->baseketBall\face-detection\AndroidManifest.xml:21:9-33
28    <uses-feature
28-->baseketBall\face-detection\AndroidManifest.xml:22:5-24:36
29        android:name="android.hardware.camera.autofocus"
29-->baseketBall\face-detection\AndroidManifest.xml:23:9-57
30        android:required="false" />
30-->baseketBall\face-detection\AndroidManifest.xml:24:9-33
31    <uses-feature
31-->baseketBall\face-detection\AndroidManifest.xml:25:5-27:36
32        android:name="android.hardware.camera.front"
32-->baseketBall\face-detection\AndroidManifest.xml:26:9-53
33        android:required="false" />
33-->baseketBall\face-detection\AndroidManifest.xml:27:9-33
34    <uses-feature
34-->baseketBall\face-detection\AndroidManifest.xml:28:5-30:36
35        android:name="android.hardware.camera.front.autofocus"
35-->baseketBall\face-detection\AndroidManifest.xml:29:9-63
36        android:required="false" />
36-->baseketBall\face-detection\AndroidManifest.xml:30:9-33
37
38    <!-- 获取运营商信息，用于支持提供运营商信息相关的接口 -->
39    <uses-permission android:name="android.permission.ACCESS_NETWORK_STATE" /> <!-- 用于访问wifi网络信息，wifi信息会用于进行网络定位 -->
39-->[:lib_base_toolkit_lite] AndroidManifest.xml:10:5-79
39-->[:lib_base_toolkit_lite] AndroidManifest.xml:10:22-76
40    <uses-permission android:name="android.permission.ACCESS_WIFI_STATE" /> <!-- 这个权限用于获取wifi的获取权限，wifi信息会用来进行网络定位 -->
40-->[:lib_base_toolkit_lite] AndroidManifest.xml:12:5-76
40-->[:lib_base_toolkit_lite] AndroidManifest.xml:12:22-73
41    <uses-permission android:name="android.permission.CHANGE_WIFI_STATE" /> <!-- 需要运行时注册的权限 -->
41-->[:lib_base_toolkit_lite] AndroidManifest.xml:14:5-76
41-->[:lib_base_toolkit_lite] AndroidManifest.xml:14:22-73
42    <!-- 用于进行网络定位 -->
43    <uses-permission android:name="android.permission.ACCESS_COARSE_LOCATION" /> <!-- 用于访问GPS定位 -->
43-->[:lib_base_toolkit_lite] AndroidManifest.xml:18:5-81
43-->[:lib_base_toolkit_lite] AndroidManifest.xml:18:22-78
44    <uses-permission android:name="android.permission.ACCESS_FINE_LOCATION" /> <!-- 用于提高GPS定位速度 -->
44-->[:lib_base_toolkit_lite] AndroidManifest.xml:20:5-79
44-->[:lib_base_toolkit_lite] AndroidManifest.xml:20:22-76
45    <uses-permission android:name="android.permission.ACCESS_LOCATION_EXTRA_COMMANDS" /> <!-- 用于读取手机当前的状态 -->
45-->[:lib_base_toolkit_lite] AndroidManifest.xml:22:5-89
45-->[:lib_base_toolkit_lite] AndroidManifest.xml:22:22-86
46    <uses-permission android:name="android.permission.READ_PHONE_STATE" />
46-->[:lib_base_toolkit_lite] AndroidManifest.xml:31:5-75
46-->[:lib_base_toolkit_lite] AndroidManifest.xml:31:22-72
47    <uses-permission android:name="android.permission.FLASHLIGHT" /> <!-- unavailable in API 23 -->
47-->[:zxing] AndroidManifest.xml:27:5-69
47-->[:zxing] AndroidManifest.xml:27:22-66
48    <uses-permission android:name="com.android.browser.permission.READ_HISTORY_BOOKMARKS" />
48-->[:zxing] AndroidManifest.xml:30:5-93
48-->[:zxing] AndroidManifest.xml:30:22-90
49
50    <uses-feature android:name="android.hardware.camera.any" />
50-->[:zxing] AndroidManifest.xml:35:5-64
50-->[:zxing] AndroidManifest.xml:35:19-61
51    <uses-feature
51-->[:zxing] AndroidManifest.xml:39:5-41:36
52        android:name="android.hardware.camera.flash"
52-->[:zxing] AndroidManifest.xml:40:9-53
53        android:required="false" />
53-->[:zxing] AndroidManifest.xml:41:9-33
54    <uses-feature android:name="android.hardware.screen.landscape" />
54-->[:zxing] AndroidManifest.xml:42:5-70
54-->[:zxing] AndroidManifest.xml:42:19-67
55    <uses-feature
55-->[:zxing] AndroidManifest.xml:43:5-45:36
56        android:name="android.hardware.wifi"
56-->[:zxing] AndroidManifest.xml:44:9-45
57        android:required="false" /> <!-- To allow starting foreground services on Android P+ - https://developer.android.com/preview/behavior-changes#fg-svc -->
57-->[:zxing] AndroidManifest.xml:45:9-33
58    <uses-permission android:name="android.permission.FOREGROUND_SERVICE" />
58-->[com.liulishuo.filedownloader:library:1.7.6] AndroidManifest.xml:9:5-77
58-->[com.liulishuo.filedownloader:library:1.7.6] AndroidManifest.xml:9:22-74
59
60    <application
60-->baseketBall\face-detection\AndroidManifest.xml:32:5-93:19
61        android:name="org.opencv.samples.MyApplication"
61-->baseketBall\face-detection\AndroidManifest.xml:33:9-56
62        android:allowBackup="true"
62-->[bench_android:lib_viewpagerindicator:2.0.0] AndroidManifest.xml:12:9-35
63        android:appComponentFactory="androidx.core.app.CoreComponentFactory"
63-->[androidx.core:core:1.1.0] AndroidManifest.xml:24:18-86
64        android:icon="@drawable/icon_logo"
64-->baseketBall\face-detection\AndroidManifest.xml:34:9-43
65        android:label="@string/app_name"
65-->baseketBall\face-detection\AndroidManifest.xml:35:9-41
66        android:networkSecurityConfig="@xml/network_security_config"
66-->baseketBall\face-detection\AndroidManifest.xml:36:9-69
67        android:supportsRtl="true"
67-->[bench_android:lib_viewpagerindicator:2.0.0] AndroidManifest.xml:13:9-35
68        android:theme="@style/AppTheme" >
68-->baseketBall\face-detection\AndroidManifest.xml:37:9-40
69        <activity android:name="org.opencv.samples.facedetect.activity.IdeaActivity" />
69-->baseketBall\face-detection\AndroidManifest.xml:38:9-68
69-->baseketBall\face-detection\AndroidManifest.xml:38:19-56
70        <activity android:name="org.opencv.samples.facedetect.activity.SetActivity" />
70-->baseketBall\face-detection\AndroidManifest.xml:39:9-58
70-->baseketBall\face-detection\AndroidManifest.xml:39:19-55
71        <activity android:name="org.opencv.samples.facedetect.activity.login.LoginActivity" >
71-->baseketBall\face-detection\AndroidManifest.xml:40:9-46:20
71-->baseketBall\face-detection\AndroidManifest.xml:40:19-63
72            <intent-filter>
72-->baseketBall\face-detection\AndroidManifest.xml:41:13-45:29
73                <action android:name="android.intent.action.MAIN" />
73-->baseketBall\face-detection\AndroidManifest.xml:42:17-69
73-->baseketBall\face-detection\AndroidManifest.xml:42:25-66
74
75                <category android:name="android.intent.category.LAUNCHER" />
75-->baseketBall\face-detection\AndroidManifest.xml:44:17-77
75-->baseketBall\face-detection\AndroidManifest.xml:44:27-74
76            </intent-filter>
77        </activity>
78        <activity
78-->baseketBall\face-detection\AndroidManifest.xml:47:9-49:52
79            android:name="org.opencv.samples.facedetect.activity.AreaPointActivity"
79-->baseketBall\face-detection\AndroidManifest.xml:48:13-55
80            android:screenOrientation="portrait" />
80-->baseketBall\face-detection\AndroidManifest.xml:49:13-49
81        <activity
81-->baseketBall\face-detection\AndroidManifest.xml:50:9-52:53
82            android:name="org.opencv.samples.facedetect.activity.LocationActivity"
82-->baseketBall\face-detection\AndroidManifest.xml:51:13-54
83            android:screenOrientation="landscape" />
83-->baseketBall\face-detection\AndroidManifest.xml:52:13-50
84        <activity
84-->baseketBall\face-detection\AndroidManifest.xml:53:9-55:52
85            android:name="org.opencv.samples.facedetect.activity.PlayEndActivity"
85-->baseketBall\face-detection\AndroidManifest.xml:54:13-53
86            android:screenOrientation="portrait" />
86-->baseketBall\face-detection\AndroidManifest.xml:55:13-49
87        <activity
87-->baseketBall\face-detection\AndroidManifest.xml:56:9-58:52
88            android:name="org.opencv.samples.facedetect.activity.MainActivity"
88-->baseketBall\face-detection\AndroidManifest.xml:57:13-50
89            android:screenOrientation="portrait" />
89-->baseketBall\face-detection\AndroidManifest.xml:58:13-49
90        <activity
90-->baseketBall\face-detection\AndroidManifest.xml:59:9-61:52
91            android:name="org.opencv.samples.facedetect.activity.DetailActivity"
91-->baseketBall\face-detection\AndroidManifest.xml:60:13-52
92            android:screenOrientation="portrait" />
92-->baseketBall\face-detection\AndroidManifest.xml:61:13-49
93        <activity
93-->baseketBall\face-detection\AndroidManifest.xml:62:9-64:52
94            android:name="org.opencv.samples.facedetect.activity.DetectorTestActivity"
94-->baseketBall\face-detection\AndroidManifest.xml:63:13-58
95            android:screenOrientation="portrait" />
95-->baseketBall\face-detection\AndroidManifest.xml:64:13-49
96        <activity
96-->baseketBall\face-detection\AndroidManifest.xml:65:9-70:63
97            android:name="com.google.zxing.client.android.CaptureActivity"
97-->baseketBall\face-detection\AndroidManifest.xml:66:13-75
98            android:configChanges="orientation|keyboardHidden"
98-->baseketBall\face-detection\AndroidManifest.xml:67:13-63
99            android:screenOrientation="portrait"
99-->baseketBall\face-detection\AndroidManifest.xml:68:13-49
100            android:theme="@android:style/Theme.NoTitleBar.Fullscreen"
100-->baseketBall\face-detection\AndroidManifest.xml:69:13-71
101            android:windowSoftInputMode="stateAlwaysHidden" />
101-->baseketBall\face-detection\AndroidManifest.xml:70:13-60
102        <activity
102-->baseketBall\face-detection\AndroidManifest.xml:71:9-73:52
103            android:name="org.opencv.samples.facedetect.activity.ScanActivity"
103-->baseketBall\face-detection\AndroidManifest.xml:72:13-50
104            android:screenOrientation="portrait" />
104-->baseketBall\face-detection\AndroidManifest.xml:73:13-49
105        <activity
105-->baseketBall\face-detection\AndroidManifest.xml:74:9-76:52
106            android:name="org.opencv.samples.facedetect.activity.VideoDetailActivity"
106-->baseketBall\face-detection\AndroidManifest.xml:75:13-57
107            android:screenOrientation="portrait" />
107-->baseketBall\face-detection\AndroidManifest.xml:76:13-49
108        <activity
108-->baseketBall\face-detection\AndroidManifest.xml:77:9-92:20
109            android:name="org.opencv.samples.player.VideoPlayActivity"
109-->baseketBall\face-detection\AndroidManifest.xml:78:13-71
110            android:configChanges="keyboard|keyboardHidden|orientation|screenSize|screenLayout|smallestScreenSize|uiMode"
110-->baseketBall\face-detection\AndroidManifest.xml:79:13-122
111            android:exported="true" >
111-->baseketBall\face-detection\AndroidManifest.xml:80:13-36
112            <intent-filter>
112-->baseketBall\face-detection\AndroidManifest.xml:81:13-91:29
113                <action android:name="org.opencv.samples.facedetect.action.VIEW" />
113-->baseketBall\face-detection\AndroidManifest.xml:82:17-84
113-->baseketBall\face-detection\AndroidManifest.xml:82:25-81
114
115                <category android:name="android.intent.category.DEFAULT" />
115-->baseketBall\face-detection\AndroidManifest.xml:84:17-76
115-->baseketBall\face-detection\AndroidManifest.xml:84:27-73
116
117                <data android:scheme="http" />
117-->baseketBall\face-detection\AndroidManifest.xml:86:17-47
117-->baseketBall\face-detection\AndroidManifest.xml:86:23-44
118                <data android:scheme="https" />
118-->baseketBall\face-detection\AndroidManifest.xml:86:17-47
118-->baseketBall\face-detection\AndroidManifest.xml:86:23-44
119                <data android:scheme="content" />
119-->baseketBall\face-detection\AndroidManifest.xml:86:17-47
119-->baseketBall\face-detection\AndroidManifest.xml:86:23-44
120                <data android:scheme="asset" />
120-->baseketBall\face-detection\AndroidManifest.xml:86:17-47
120-->baseketBall\face-detection\AndroidManifest.xml:86:23-44
121                <data android:scheme="file" />
121-->baseketBall\face-detection\AndroidManifest.xml:86:17-47
121-->baseketBall\face-detection\AndroidManifest.xml:86:23-44
122            </intent-filter>
123        </activity>
124
125        <service
125-->[:lib_base_toolkit_lite] AndroidManifest.xml:41:9-43:40
126            android:name="com.bench.android.core.net.httpLoop.LoopService"
126-->[:lib_base_toolkit_lite] AndroidManifest.xml:42:13-75
127            android:exported="false" />
127-->[:lib_base_toolkit_lite] AndroidManifest.xml:43:13-37
128
129        <activity
129-->[:lib_base_toolkit_lite] AndroidManifest.xml:45:9-47:52
130            android:name="com.bench.android.core.net.domain.base.ShowErrorDetailMessageActivity"
130-->[:lib_base_toolkit_lite] AndroidManifest.xml:46:13-97
131            android:screenOrientation="portrait" />
131-->[:lib_base_toolkit_lite] AndroidManifest.xml:47:13-49
132        <!--
133        <activity
134            android:name="com.bench.android.core.framework.LauncherActivity"
135            android:screenOrientation="portrait"
136            android:theme="@style/base_launch_theme">
137            <intent-filter>
138                <action android:name="android.intent.action.MAIN" />
139                <action android:name="android.intent.action.VIEW" />
140
141                <category android:name="android.intent.category.LAUNCHER" />
142            </intent-filter>
143        </activity>
144        -->
145        <provider
145-->[:lib_base_toolkit_lite] AndroidManifest.xml:63:9-71:20
146            android:name="androidx.core.content.FileProvider"
146-->[:lib_base_toolkit_lite] AndroidManifest.xml:64:13-62
147            android:authorities="org.opencv.samples.facedetect.fileprovider"
147-->[:lib_base_toolkit_lite] AndroidManifest.xml:65:13-64
148            android:exported="false"
148-->[:lib_base_toolkit_lite] AndroidManifest.xml:66:13-37
149            android:grantUriPermissions="true" >
149-->[:lib_base_toolkit_lite] AndroidManifest.xml:67:13-47
150            <meta-data
150-->[:lib_base_toolkit_lite] AndroidManifest.xml:68:13-70:54
151                android:name="android.support.FILE_PROVIDER_PATHS"
151-->[:lib_base_toolkit_lite] AndroidManifest.xml:69:17-67
152                android:resource="@xml/file_paths" />
152-->[:lib_base_toolkit_lite] AndroidManifest.xml:70:17-51
153        </provider>
154
155        <meta-data
155-->[com.github.bumptech.glide:okhttp3-integration:4.9.0] AndroidManifest.xml:11:9-13:43
156            android:name="com.bumptech.glide.integration.okhttp3.OkHttpGlideModule"
156-->[com.github.bumptech.glide:okhttp3-integration:4.9.0] AndroidManifest.xml:12:13-84
157            android:value="GlideModule" />
157-->[com.github.bumptech.glide:okhttp3-integration:4.9.0] AndroidManifest.xml:13:13-40
158
159        <provider
159-->[androidx.lifecycle:lifecycle-process:2.0.0-rc01] AndroidManifest.xml:23:9-27:43
160            android:name="androidx.lifecycle.ProcessLifecycleOwnerInitializer"
160-->[androidx.lifecycle:lifecycle-process:2.0.0-rc01] AndroidManifest.xml:24:13-79
161            android:authorities="org.opencv.samples.facedetect.lifecycle-process"
161-->[androidx.lifecycle:lifecycle-process:2.0.0-rc01] AndroidManifest.xml:25:13-69
162            android:exported="false"
162-->[androidx.lifecycle:lifecycle-process:2.0.0-rc01] AndroidManifest.xml:26:13-37
163            android:multiprocess="true" />
163-->[androidx.lifecycle:lifecycle-process:2.0.0-rc01] AndroidManifest.xml:27:13-40
164
165        <service android:name="com.liulishuo.filedownloader.services.FileDownloadService$SharedMainProcessService" />
165-->[com.liulishuo.filedownloader:library:1.7.6] AndroidManifest.xml:12:9-118
165-->[com.liulishuo.filedownloader:library:1.7.6] AndroidManifest.xml:12:18-115
166        <service
166-->[com.liulishuo.filedownloader:library:1.7.6] AndroidManifest.xml:13:9-15:49
167            android:name="com.liulishuo.filedownloader.services.FileDownloadService$SeparateProcessService"
167-->[com.liulishuo.filedownloader:library:1.7.6] AndroidManifest.xml:14:13-108
168            android:process=":filedownloader" />
168-->[com.liulishuo.filedownloader:library:1.7.6] AndroidManifest.xml:15:13-46
169    </application>
170
171</manifest>